C51 COMPILER V9.56.0.0   DELAY                                                             12/26/2017 12:46:04 PAGE 1   


C51 COMPILER V9.56.0.0, COMPILATION OF MODULE DELAY
OBJECT MODULE PLACED IN .\Objects\Delay.obj
COMPILER INVOKED BY: F:\Keil_v5\C51\BIN\C51.EXE Delay.c OPTIMIZE(8,SPEED) BROWSE DEBUG OBJECTEXTEND PRINT(.\Listings\Del
                    -ay.lst) TABS(2) OBJECT(.\Objects\Delay.obj)

line level    source

   1          #include "Delay.h"
   2          
   3          /****************************
   4           * @author Unicorn
   5           * @date 2017-12-20
   6           */
   7          
   8          /*******************************************************************************
   9          * @function        : delay
  10          * @brief       : adaptive millmeter-level delay
  11          * @param           : xms 
  12          * @retval          : none
  13          *******************************************************************************/
  14          void delayMs(uint xms){
  15   1        uint i;
  16   1        do{
  17   2          i = OSC_MAIN / 9600;
  18   2          while(--i);
  19   2        }while(--xms);
  20   1      }
  21          
  22          /*******************************************************************************
  23          * @function        : delay
  24          * @brief       : adaptive osc 5us delay
  25          * @param           : none
  26          * @retval          : none
  27          *******************************************************************************/
  28          void delay5Us(){
  29   1        #if OSC_MAIN == 11059200UL
  30   1          _nop_();
  31   1        #elif OSC_MAIN == 12000000UL
                  _nop_();
                #elif OSC_MAIN == 22118400UL
                  _nop_(); _nop_(); _nop_();
                #endif
  36   1      }
  37          
  38          /*******************************************************************************
  39          * @function        : delay
  40          * @brief       : adaptive osc 100us delay
  41          * @param           : none
  42          * @retval          : none
  43          *******************************************************************************/
  44          void delay100Us(){
  45   1        uchar i, j;
  46   1        #if OSC_MAIN == 11059200UL
  47   1          _nop_(); _nop_();
  48   1          i = 2;
  49   1          j = 15;
  50   1        #elif OSC_MAIN == 12000000UL
                  i = 2;
                  j = 39;
                #elif OSC_MAIN == 22118400UL
                  i = 3;
C51 COMPILER V9.56.0.0   DELAY                                                             12/26/2017 12:46:04 PAGE 2   

                  j = 82;
                #endif
  57   1        do{
  58   2          while(--j);
  59   2        }while(--i);
  60   1      }
  61          


MODULE INFORMATION:   STATIC OVERLAYABLE
   CODE SIZE        =     36    ----
   CONSTANT SIZE    =   ----    ----
   XDATA SIZE       =   ----    ----
   PDATA SIZE       =   ----    ----
   DATA SIZE        =   ----    ----
   IDATA SIZE       =   ----    ----
   BIT SIZE         =   ----    ----
END OF MODULE INFORMATION.


C51 COMPILATION COMPLETE.  0 WARNING(S),  0 ERROR(S)
